03-Nov-2018 21:36:21.820 INFO [main] org.apache.catalina.startup.VersionLoggerListener.log Server version:        Apache Tomcat/9.0.12
03-Nov-2018 21:36:21.823 INFO [main] org.apache.catalina.startup.VersionLoggerListener.log Server built:          Sep 4 2018 22:13:41 UTC
03-Nov-2018 21:36:21.824 INFO [main] org.apache.catalina.startup.VersionLoggerListener.log Server number:         9.0.12.0
03-Nov-2018 21:36:21.824 INFO [main] org.apache.catalina.startup.VersionLoggerListener.log OS Name:               Windows 10
03-Nov-2018 21:36:21.825 INFO [main] org.apache.catalina.startup.VersionLoggerListener.log OS Version:            10.0
03-Nov-2018 21:36:21.825 INFO [main] org.apache.catalina.startup.VersionLoggerListener.log Architecture:          amd64
03-Nov-2018 21:36:21.825 INFO [main] org.apache.catalina.startup.VersionLoggerListener.log Java Home:             C:\Program Files\Java\jre-9.0.4
03-Nov-2018 21:36:21.825 INFO [main] org.apache.catalina.startup.VersionLoggerListener.log JVM Version:           9.0.4+11
03-Nov-2018 21:36:21.825 INFO [main] org.apache.catalina.startup.VersionLoggerListener.log JVM Vendor:            Oracle Corporation
03-Nov-2018 21:36:21.825 INFO [main] org.apache.catalina.startup.VersionLoggerListener.log CATALINA_BASE:         C:\Users\limyu\Desktop\nus\year 3 sem 1\CS3235\ImageHost\apache-tomcat-9.0.12
03-Nov-2018 21:36:21.826 INFO [main] org.apache.catalina.startup.VersionLoggerListener.log CATALINA_HOME:         C:\Users\limyu\Desktop\nus\year 3 sem 1\CS3235\ImageHost\apache-tomcat-9.0.12
03-Nov-2018 21:36:21.834 INFO [main] org.apache.catalina.startup.VersionLoggerListener.log Command line argument: --add-opens=java.base/java.lang=ALL-UNNAMED
03-Nov-2018 21:36:21.835 INFO [main] org.apache.catalina.startup.VersionLoggerListener.log Command line argument: --add-opens=java.base/java.io=ALL-UNNAMED
03-Nov-2018 21:36:21.835 INFO [main] org.apache.catalina.startup.VersionLoggerListener.log Command line argument: --add-opens=java.rmi/sun.rmi.transport=ALL-UNNAMED
03-Nov-2018 21:36:21.835 INFO [main] org.apache.catalina.startup.VersionLoggerListener.log Command line argument: -Djava.util.logging.config.file=C:\Users\limyu\Desktop\nus\year 3 sem 1\CS3235\ImageHost\apache-tomcat-9.0.12\conf\logging.properties
03-Nov-2018 21:36:21.835 INFO [main] org.apache.catalina.startup.VersionLoggerListener.log Command line argument: -Djava.util.logging.manager=org.apache.juli.ClassLoaderLogManager
03-Nov-2018 21:36:21.836 INFO [main] org.apache.catalina.startup.VersionLoggerListener.log Command line argument: -Djdk.tls.ephemeralDHKeySize=2048
03-Nov-2018 21:36:21.836 INFO [main] org.apache.catalina.startup.VersionLoggerListener.log Command line argument: -Djava.protocol.handler.pkgs=org.apache.catalina.webresources
03-Nov-2018 21:36:21.837 INFO [main] org.apache.catalina.startup.VersionLoggerListener.log Command line argument: -Dignore.endorsed.dirs=
03-Nov-2018 21:36:21.837 INFO [main] org.apache.catalina.startup.VersionLoggerListener.log Command line argument: -Dcatalina.base=C:\Users\limyu\Desktop\nus\year 3 sem 1\CS3235\ImageHost\apache-tomcat-9.0.12
03-Nov-2018 21:36:21.837 INFO [main] org.apache.catalina.startup.VersionLoggerListener.log Command line argument: -Dcatalina.home=C:\Users\limyu\Desktop\nus\year 3 sem 1\CS3235\ImageHost\apache-tomcat-9.0.12
03-Nov-2018 21:36:21.838 INFO [main] org.apache.catalina.startup.VersionLoggerListener.log Command line argument: -Djava.io.tmpdir=C:\Users\limyu\Desktop\nus\year 3 sem 1\CS3235\ImageHost\apache-tomcat-9.0.12\temp
03-Nov-2018 21:36:21.838 INFO [main] org.apache.catalina.core.AprLifecycleListener.lifecycleEvent The APR based Apache Tomcat Native library which allows optimal performance in production environments was not found on the java.library.path: [C:\Program Files\Java\jre-9.0.4\bin;C:\WINDOWS\Sun\Java\bin;C:\WINDOWS\system32;C:\WINDOWS;C:\Program Files (x86)\Common Files\Oracle\Java\javapath;C:\ProgramData\Oracle\Java\javapath;C:\WINDOWS\system32;C:\WINDOWS;C:\WINDOWS\System32\Wbem;C:\WINDOWS\System32\WindowsPowerShell\v1.0\;C:\Program Files (x86)\NVIDIA Corporation\PhysX\Common;C:\WINDOWS\system32;C:\WINDOWS;C:\WINDOWS\System32\Wbem;C:\WINDOWS\System32\WindowsPowerShell\v1.0\;C:\Program Files (x86)\PharosSystems\Core;C:\WINDOWS\System32\OpenSSH\;C:\Users\limyu\AppData\Local\Microsoft\WindowsApps;C:\Users\limyu\AppData\Local\GitHubDesktop\bin;C:\Program Files (x86)\SSH Communications Security\SSH Secure Shell;C:\Users\limyu\AppData\Local\Microsoft\WindowsApps;C:\Users\limyu\Desktop\Useful tools\apache-maven-3.5.4\bin;C:\Program Files\Java\jdk1.8.0_144\bin;C:\Program Files\Java\jre1.8.0_171\bin;C:\OpenSSL-Win64\bin;;.]
03-Nov-2018 21:36:22.024 INFO [main] org.apache.coyote.AbstractProtocol.init Initializing ProtocolHandler ["http-nio-8080"]
03-Nov-2018 21:36:22.471 INFO [main] org.apache.tomcat.util.net.NioSelectorPool.getSharedSelector Using a shared selector for servlet write/read
03-Nov-2018 21:36:22.545 INFO [main] org.apache.coyote.AbstractProtocol.init Initializing ProtocolHandler ["ajp-nio-8009"]
03-Nov-2018 21:36:22.552 INFO [main] org.apache.tomcat.util.net.NioSelectorPool.getSharedSelector Using a shared selector for servlet write/read
03-Nov-2018 21:36:22.553 INFO [main] org.apache.catalina.startup.Catalina.load Initialization processed in 2398 ms
03-Nov-2018 21:36:22.741 INFO [main] org.apache.catalina.core.StandardService.startInternal Starting service [Catalina]
03-Nov-2018 21:36:22.742 INFO [main] org.apache.catalina.core.StandardEngine.startInternal Starting Servlet Engine: Apache Tomcat/9.0.12
03-Nov-2018 21:36:22.834 INFO [main] org.apache.catalina.startup.HostConfig.deployWAR Deploying web application archive [C:\Users\limyu\Desktop\nus\year 3 sem 1\CS3235\ImageHost\apache-tomcat-9.0.12\webapps\ImageHost.war]
03-Nov-2018 21:36:32.339 INFO [main] org.apache.jasper.servlet.TldScanner.scanJars At least one JAR was scanned for TLDs yet contained no TLDs. Enable debug logging for this logger for a complete list of JARs that were scanned but no TLDs were found in them. Skipping unneeded JARs during scanning can improve startup time and JSP compilation time.
03-Nov-2018 21:36:35.267 SEVERE [main] org.apache.catalina.core.StandardContext.startInternal One or more listeners failed to start. Full details will be found in the appropriate container log file
03-Nov-2018 21:36:35.407 WARNING [main] org.apache.catalina.util.SessionIdGeneratorBase.createSecureRandom Creation of SecureRandom instance for session ID generation using [SHA1PRNG] took [133] milliseconds.
03-Nov-2018 21:36:35.408 SEVERE [main] org.apache.catalina.core.StandardContext.startInternal Context [/ImageHost] startup failed due to previous errors
03-Nov-2018 21:36:35.445 WARNING [main] org.apache.catalina.loader.WebappClassLoaderBase.clearReferencesJdbc The web application [ImageHost] registered the JDBC driver [com.mysql.jdbc.Driver] but failed to unregister it when the web application was stopped. To prevent a memory leak, the JDBC Driver has been forcibly unregistered.
03-Nov-2018 21:36:35.446 WARNING [main] org.apache.catalina.loader.WebappClassLoaderBase.clearReferencesThreads The web application [ImageHost] appears to have started a thread named [Abandoned connection cleanup thread] but has failed to stop it. This is very likely to create a memory leak. Stack trace of thread:
 java.base@9.0.4/java.lang.Object.wait(Native Method)
 java.base@9.0.4/java.lang.ref.ReferenceQueue.remove(Unknown Source)
 com.mysql.jdbc.AbandonedConnectionCleanupThread.run(AbandonedConnectionCleanupThread.java:64)
 java.base@9.0.4/java.util.concurrent.ThreadPoolExecutor.runWorker(Unknown Source)
 java.base@9.0.4/java.util.concurrent.ThreadPoolExecutor$Worker.run(Unknown Source)
 java.base@9.0.4/java.lang.Thread.run(Unknown Source)
03-Nov-2018 21:36:35.506 INFO [main] org.apache.catalina.startup.HostConfig.deployWAR Deployment of web application archive [C:\Users\limyu\Desktop\nus\year 3 sem 1\CS3235\ImageHost\apache-tomcat-9.0.12\webapps\ImageHost.war] has finished in [12,671] ms
03-Nov-2018 21:36:35.509 INFO [main] org.apache.catalina.startup.HostConfig.deployDirectory Deploying web application directory [C:\Users\limyu\Desktop\nus\year 3 sem 1\CS3235\ImageHost\apache-tomcat-9.0.12\webapps\docs]
03-Nov-2018 21:36:35.609 INFO [main] org.apache.catalina.startup.HostConfig.deployDirectory Deployment of web application directory [C:\Users\limyu\Desktop\nus\year 3 sem 1\CS3235\ImageHost\apache-tomcat-9.0.12\webapps\docs] has finished in [99] ms
03-Nov-2018 21:36:35.609 INFO [main] org.apache.catalina.startup.HostConfig.deployDirectory Deploying web application directory [C:\Users\limyu\Desktop\nus\year 3 sem 1\CS3235\ImageHost\apache-tomcat-9.0.12\webapps\examples]
03-Nov-2018 21:36:38.358 INFO [main] org.apache.catalina.startup.HostConfig.deployDirectory Deployment of web application directory [C:\Users\limyu\Desktop\nus\year 3 sem 1\CS3235\ImageHost\apache-tomcat-9.0.12\webapps\examples] has finished in [2,748] ms
03-Nov-2018 21:36:38.358 INFO [main] org.apache.catalina.startup.HostConfig.deployDirectory Deploying web application directory [C:\Users\limyu\Desktop\nus\year 3 sem 1\CS3235\ImageHost\apache-tomcat-9.0.12\webapps\host-manager]
03-Nov-2018 21:36:38.522 INFO [main] org.apache.catalina.startup.HostConfig.deployDirectory Deployment of web application directory [C:\Users\limyu\Desktop\nus\year 3 sem 1\CS3235\ImageHost\apache-tomcat-9.0.12\webapps\host-manager] has finished in [164] ms
03-Nov-2018 21:36:38.523 INFO [main] org.apache.catalina.startup.HostConfig.deployDirectory Deploying web application directory [C:\Users\limyu\Desktop\nus\year 3 sem 1\CS3235\ImageHost\apache-tomcat-9.0.12\webapps\manager]
03-Nov-2018 21:36:38.965 INFO [main] org.apache.catalina.startup.HostConfig.deployDirectory Deployment of web application directory [C:\Users\limyu\Desktop\nus\year 3 sem 1\CS3235\ImageHost\apache-tomcat-9.0.12\webapps\manager] has finished in [441] ms
03-Nov-2018 21:36:38.968 INFO [main] org.apache.catalina.startup.HostConfig.deployDirectory Deploying web application directory [C:\Users\limyu\Desktop\nus\year 3 sem 1\CS3235\ImageHost\apache-tomcat-9.0.12\webapps\ROOT]
03-Nov-2018 21:36:39.066 INFO [main] org.apache.catalina.startup.HostConfig.deployDirectory Deployment of web application directory [C:\Users\limyu\Desktop\nus\year 3 sem 1\CS3235\ImageHost\apache-tomcat-9.0.12\webapps\ROOT] has finished in [98] ms
03-Nov-2018 21:36:39.146 INFO [main] org.apache.coyote.AbstractProtocol.start Starting ProtocolHandler ["http-nio-8080"]
03-Nov-2018 21:36:39.155 INFO [main] org.apache.coyote.AbstractProtocol.start Starting ProtocolHandler ["ajp-nio-8009"]
03-Nov-2018 21:36:39.159 INFO [main] org.apache.catalina.startup.Catalina.start Server startup in 16604 ms
03-Nov-2018 21:36:39.914 INFO [Abandoned connection cleanup thread] org.apache.catalina.loader.WebappClassLoaderBase.checkStateForResourceLoading Illegal access: this web application instance has been stopped already. Could not load []. The following stack trace is thrown for debugging purposes as well as to attempt to terminate the thread which caused the illegal access.
 java.lang.IllegalStateException: Illegal access: this web application instance has been stopped already. Could not load []. The following stack trace is thrown for debugging purposes as well as to attempt to terminate the thread which caused the illegal access.
	at org.apache.catalina.loader.WebappClassLoaderBase.checkStateForResourceLoading(WebappClassLoaderBase.java:1329)
	at org.apache.catalina.loader.WebappClassLoaderBase.getResource(WebappClassLoaderBase.java:1006)
	at com.mysql.jdbc.AbandonedConnectionCleanupThread.checkContextClassLoaders(AbandonedConnectionCleanupThread.java:90)
	at com.mysql.jdbc.AbandonedConnectionCleanupThread.run(AbandonedConnectionCleanupThread.java:63)
	at java.base/java.util.concurrent.ThreadPoolExecutor.runWorker(Unknown Source)
	at java.base/java.util.concurrent.ThreadPoolExecutor$Worker.run(Unknown Source)
	at java.base/java.lang.Thread.run(Unknown Source)

03-Nov-2018 21:38:36.964 INFO [main] org.apache.catalina.startup.VersionLoggerListener.log Server version:        Apache Tomcat/9.0.12
03-Nov-2018 21:38:36.969 INFO [main] org.apache.catalina.startup.VersionLoggerListener.log Server built:          Sep 4 2018 22:13:41 UTC
03-Nov-2018 21:38:36.969 INFO [main] org.apache.catalina.startup.VersionLoggerListener.log Server number:         9.0.12.0
03-Nov-2018 21:38:36.970 INFO [main] org.apache.catalina.startup.VersionLoggerListener.log OS Name:               Windows 10
03-Nov-2018 21:38:36.971 INFO [main] org.apache.catalina.startup.VersionLoggerListener.log OS Version:            10.0
03-Nov-2018 21:38:36.972 INFO [main] org.apache.catalina.startup.VersionLoggerListener.log Architecture:          amd64
03-Nov-2018 21:38:36.973 INFO [main] org.apache.catalina.startup.VersionLoggerListener.log Java Home:             C:\Program Files\Java\jre-9.0.4
03-Nov-2018 21:38:36.975 INFO [main] org.apache.catalina.startup.VersionLoggerListener.log JVM Version:           9.0.4+11
03-Nov-2018 21:38:36.976 INFO [main] org.apache.catalina.startup.VersionLoggerListener.log JVM Vendor:            Oracle Corporation
03-Nov-2018 21:38:36.976 INFO [main] org.apache.catalina.startup.VersionLoggerListener.log CATALINA_BASE:         C:\Users\limyu\Desktop\nus\year 3 sem 1\CS3235\ImageHost\apache-tomcat-9.0.12
03-Nov-2018 21:38:36.976 INFO [main] org.apache.catalina.startup.VersionLoggerListener.log CATALINA_HOME:         C:\Users\limyu\Desktop\nus\year 3 sem 1\CS3235\ImageHost\apache-tomcat-9.0.12
03-Nov-2018 21:38:36.977 INFO [main] org.apache.catalina.startup.VersionLoggerListener.log Command line argument: --add-opens=java.base/java.lang=ALL-UNNAMED
03-Nov-2018 21:38:36.977 INFO [main] org.apache.catalina.startup.VersionLoggerListener.log Command line argument: --add-opens=java.base/java.io=ALL-UNNAMED
03-Nov-2018 21:38:36.977 INFO [main] org.apache.catalina.startup.VersionLoggerListener.log Command line argument: --add-opens=java.rmi/sun.rmi.transport=ALL-UNNAMED
03-Nov-2018 21:38:36.977 INFO [main] org.apache.catalina.startup.VersionLoggerListener.log Command line argument: -Djava.util.logging.config.file=C:\Users\limyu\Desktop\nus\year 3 sem 1\CS3235\ImageHost\apache-tomcat-9.0.12\conf\logging.properties
03-Nov-2018 21:38:36.977 INFO [main] org.apache.catalina.startup.VersionLoggerListener.log Command line argument: -Djava.util.logging.manager=org.apache.juli.ClassLoaderLogManager
03-Nov-2018 21:38:36.978 INFO [main] org.apache.catalina.startup.VersionLoggerListener.log Command line argument: -Djdk.tls.ephemeralDHKeySize=2048
03-Nov-2018 21:38:36.981 INFO [main] org.apache.catalina.startup.VersionLoggerListener.log Command line argument: -Djava.protocol.handler.pkgs=org.apache.catalina.webresources
03-Nov-2018 21:38:36.982 INFO [main] org.apache.catalina.startup.VersionLoggerListener.log Command line argument: -Dignore.endorsed.dirs=
03-Nov-2018 21:38:36.982 INFO [main] org.apache.catalina.startup.VersionLoggerListener.log Command line argument: -Dcatalina.base=C:\Users\limyu\Desktop\nus\year 3 sem 1\CS3235\ImageHost\apache-tomcat-9.0.12
03-Nov-2018 21:38:36.982 INFO [main] org.apache.catalina.startup.VersionLoggerListener.log Command line argument: -Dcatalina.home=C:\Users\limyu\Desktop\nus\year 3 sem 1\CS3235\ImageHost\apache-tomcat-9.0.12
03-Nov-2018 21:38:36.982 INFO [main] org.apache.catalina.startup.VersionLoggerListener.log Command line argument: -Djava.io.tmpdir=C:\Users\limyu\Desktop\nus\year 3 sem 1\CS3235\ImageHost\apache-tomcat-9.0.12\temp
03-Nov-2018 21:38:36.983 INFO [main] org.apache.catalina.core.AprLifecycleListener.lifecycleEvent The APR based Apache Tomcat Native library which allows optimal performance in production environments was not found on the java.library.path: [C:\Program Files\Java\jre-9.0.4\bin;C:\WINDOWS\Sun\Java\bin;C:\WINDOWS\system32;C:\WINDOWS;C:\Program Files (x86)\Common Files\Oracle\Java\javapath;C:\ProgramData\Oracle\Java\javapath;C:\WINDOWS\system32;C:\WINDOWS;C:\WINDOWS\System32\Wbem;C:\WINDOWS\System32\WindowsPowerShell\v1.0\;C:\Program Files (x86)\NVIDIA Corporation\PhysX\Common;C:\WINDOWS\system32;C:\WINDOWS;C:\WINDOWS\System32\Wbem;C:\WINDOWS\System32\WindowsPowerShell\v1.0\;C:\Program Files (x86)\PharosSystems\Core;C:\WINDOWS\System32\OpenSSH\;C:\Users\limyu\AppData\Local\Microsoft\WindowsApps;C:\Users\limyu\AppData\Local\GitHubDesktop\bin;C:\Program Files (x86)\SSH Communications Security\SSH Secure Shell;C:\Users\limyu\AppData\Local\Microsoft\WindowsApps;C:\Users\limyu\Desktop\Useful tools\apache-maven-3.5.4\bin;C:\Program Files\Java\jdk1.8.0_144\bin;C:\Program Files\Java\jre1.8.0_171\bin;C:\OpenSSL-Win64\bin;;.]
03-Nov-2018 21:38:37.061 INFO [main] org.apache.coyote.AbstractProtocol.init Initializing ProtocolHandler ["http-nio-8080"]
03-Nov-2018 21:38:37.242 INFO [main] org.apache.tomcat.util.net.NioSelectorPool.getSharedSelector Using a shared selector for servlet write/read
03-Nov-2018 21:38:37.250 INFO [main] org.apache.coyote.AbstractProtocol.init Initializing ProtocolHandler ["ajp-nio-8009"]
03-Nov-2018 21:38:37.252 INFO [main] org.apache.tomcat.util.net.NioSelectorPool.getSharedSelector Using a shared selector for servlet write/read
03-Nov-2018 21:38:37.254 INFO [main] org.apache.catalina.startup.Catalina.load Initialization processed in 851 ms
03-Nov-2018 21:38:37.347 INFO [main] org.apache.catalina.core.StandardService.startInternal Starting service [Catalina]
03-Nov-2018 21:38:37.348 INFO [main] org.apache.catalina.core.StandardEngine.startInternal Starting Servlet Engine: Apache Tomcat/9.0.12
03-Nov-2018 21:38:37.386 INFO [main] org.apache.catalina.startup.HostConfig.deployWAR Deploying web application archive [C:\Users\limyu\Desktop\nus\year 3 sem 1\CS3235\ImageHost\apache-tomcat-9.0.12\webapps\ImageHost.war]
03-Nov-2018 21:38:37.431 INFO [main] org.apache.catalina.startup.ExpandWar.expand An expanded directory [C:\Users\limyu\Desktop\nus\year 3 sem 1\CS3235\ImageHost\apache-tomcat-9.0.12\webapps\ImageHost] was found with a last modified time that did not match the associated WAR. It will be deleted.
03-Nov-2018 21:38:42.450 INFO [main] org.apache.jasper.servlet.TldScanner.scanJars At least one JAR was scanned for TLDs yet contained no TLDs. Enable debug logging for this logger for a complete list of JARs that were scanned but no TLDs were found in them. Skipping unneeded JARs during scanning can improve startup time and JSP compilation time.
03-Nov-2018 21:38:45.019 SEVERE [main] org.apache.catalina.core.StandardContext.startInternal One or more listeners failed to start. Full details will be found in the appropriate container log file
03-Nov-2018 21:38:45.154 WARNING [main] org.apache.catalina.util.SessionIdGeneratorBase.createSecureRandom Creation of SecureRandom instance for session ID generation using [SHA1PRNG] took [134] milliseconds.
03-Nov-2018 21:38:45.155 SEVERE [main] org.apache.catalina.core.StandardContext.startInternal Context [/ImageHost] startup failed due to previous errors
03-Nov-2018 21:38:45.186 WARNING [main] org.apache.catalina.loader.WebappClassLoaderBase.clearReferencesJdbc The web application [ImageHost] registered the JDBC driver [com.mysql.jdbc.Driver] but failed to unregister it when the web application was stopped. To prevent a memory leak, the JDBC Driver has been forcibly unregistered.
03-Nov-2018 21:38:45.188 WARNING [main] org.apache.catalina.loader.WebappClassLoaderBase.clearReferencesThreads The web application [ImageHost] appears to have started a thread named [Abandoned connection cleanup thread] but has failed to stop it. This is very likely to create a memory leak. Stack trace of thread:
 java.base@9.0.4/java.lang.Object.wait(Native Method)
 java.base@9.0.4/java.lang.ref.ReferenceQueue.remove(Unknown Source)
 com.mysql.jdbc.AbandonedConnectionCleanupThread.run(AbandonedConnectionCleanupThread.java:64)
 java.base@9.0.4/java.util.concurrent.ThreadPoolExecutor.runWorker(Unknown Source)
 java.base@9.0.4/java.util.concurrent.ThreadPoolExecutor$Worker.run(Unknown Source)
 java.base@9.0.4/java.lang.Thread.run(Unknown Source)
03-Nov-2018 21:38:45.197 INFO [main] org.apache.catalina.startup.HostConfig.deployWAR Deployment of web application archive [C:\Users\limyu\Desktop\nus\year 3 sem 1\CS3235\ImageHost\apache-tomcat-9.0.12\webapps\ImageHost.war] has finished in [7,811] ms
03-Nov-2018 21:38:45.198 INFO [main] org.apache.catalina.startup.HostConfig.deployDirectory Deploying web application directory [C:\Users\limyu\Desktop\nus\year 3 sem 1\CS3235\ImageHost\apache-tomcat-9.0.12\webapps\docs]
03-Nov-2018 21:38:45.276 INFO [main] org.apache.catalina.startup.HostConfig.deployDirectory Deployment of web application directory [C:\Users\limyu\Desktop\nus\year 3 sem 1\CS3235\ImageHost\apache-tomcat-9.0.12\webapps\docs] has finished in [77] ms
03-Nov-2018 21:38:45.276 INFO [main] org.apache.catalina.startup.HostConfig.deployDirectory Deploying web application directory [C:\Users\limyu\Desktop\nus\year 3 sem 1\CS3235\ImageHost\apache-tomcat-9.0.12\webapps\examples]
03-Nov-2018 21:38:46.787 INFO [main] org.apache.catalina.startup.HostConfig.deployDirectory Deployment of web application directory [C:\Users\limyu\Desktop\nus\year 3 sem 1\CS3235\ImageHost\apache-tomcat-9.0.12\webapps\examples] has finished in [1,511] ms
03-Nov-2018 21:38:46.788 INFO [main] org.apache.catalina.startup.HostConfig.deployDirectory Deploying web application directory [C:\Users\limyu\Desktop\nus\year 3 sem 1\CS3235\ImageHost\apache-tomcat-9.0.12\webapps\host-manager]
03-Nov-2018 21:38:46.947 INFO [main] org.apache.catalina.startup.HostConfig.deployDirectory Deployment of web application directory [C:\Users\limyu\Desktop\nus\year 3 sem 1\CS3235\ImageHost\apache-tomcat-9.0.12\webapps\host-manager] has finished in [159] ms
03-Nov-2018 21:38:46.948 INFO [main] org.apache.catalina.startup.HostConfig.deployDirectory Deploying web application directory [C:\Users\limyu\Desktop\nus\year 3 sem 1\CS3235\ImageHost\apache-tomcat-9.0.12\webapps\manager]
03-Nov-2018 21:38:47.044 INFO [main] org.apache.catalina.startup.HostConfig.deployDirectory Deployment of web application directory [C:\Users\limyu\Desktop\nus\year 3 sem 1\CS3235\ImageHost\apache-tomcat-9.0.12\webapps\manager] has finished in [96] ms
03-Nov-2018 21:38:47.045 INFO [main] org.apache.catalina.startup.HostConfig.deployDirectory Deploying web application directory [C:\Users\limyu\Desktop\nus\year 3 sem 1\CS3235\ImageHost\apache-tomcat-9.0.12\webapps\ROOT]
03-Nov-2018 21:38:47.118 INFO [main] org.apache.catalina.startup.HostConfig.deployDirectory Deployment of web application directory [C:\Users\limyu\Desktop\nus\year 3 sem 1\CS3235\ImageHost\apache-tomcat-9.0.12\webapps\ROOT] has finished in [74] ms
03-Nov-2018 21:38:47.121 INFO [main] org.apache.coyote.AbstractProtocol.start Starting ProtocolHandler ["http-nio-8080"]
03-Nov-2018 21:38:47.144 INFO [main] org.apache.coyote.AbstractProtocol.start Starting ProtocolHandler ["ajp-nio-8009"]
03-Nov-2018 21:38:47.147 INFO [main] org.apache.catalina.startup.Catalina.start Server startup in 9893 ms
03-Nov-2018 21:38:49.718 INFO [Abandoned connection cleanup thread] org.apache.catalina.loader.WebappClassLoaderBase.checkStateForResourceLoading Illegal access: this web application instance has been stopped already. Could not load []. The following stack trace is thrown for debugging purposes as well as to attempt to terminate the thread which caused the illegal access.
 java.lang.IllegalStateException: Illegal access: this web application instance has been stopped already. Could not load []. The following stack trace is thrown for debugging purposes as well as to attempt to terminate the thread which caused the illegal access.
	at org.apache.catalina.loader.WebappClassLoaderBase.checkStateForResourceLoading(WebappClassLoaderBase.java:1329)
	at org.apache.catalina.loader.WebappClassLoaderBase.getResource(WebappClassLoaderBase.java:1006)
	at com.mysql.jdbc.AbandonedConnectionCleanupThread.checkContextClassLoaders(AbandonedConnectionCleanupThread.java:90)
	at com.mysql.jdbc.AbandonedConnectionCleanupThread.run(AbandonedConnectionCleanupThread.java:63)
	at java.base/java.util.concurrent.ThreadPoolExecutor.runWorker(Unknown Source)
	at java.base/java.util.concurrent.ThreadPoolExecutor$Worker.run(Unknown Source)
	at java.base/java.lang.Thread.run(Unknown Source)

03-Nov-2018 21:39:10.369 INFO [Thread-4] org.apache.coyote.AbstractProtocol.pause Pausing ProtocolHandler ["http-nio-8080"]
03-Nov-2018 21:39:10.586 INFO [Thread-4] org.apache.coyote.AbstractProtocol.pause Pausing ProtocolHandler ["ajp-nio-8009"]
03-Nov-2018 21:39:10.740 INFO [Thread-4] org.apache.catalina.core.StandardService.stopInternal Stopping service [Catalina]
03-Nov-2018 21:39:10.785 INFO [Thread-4] org.apache.coyote.AbstractProtocol.stop Stopping ProtocolHandler ["http-nio-8080"]
03-Nov-2018 21:39:10.789 INFO [Thread-4] org.apache.coyote.AbstractProtocol.stop Stopping ProtocolHandler ["ajp-nio-8009"]
03-Nov-2018 21:39:10.791 INFO [Thread-4] org.apache.coyote.AbstractProtocol.destroy Destroying ProtocolHandler ["http-nio-8080"]
03-Nov-2018 21:39:10.792 INFO [Thread-4] org.apache.coyote.AbstractProtocol.destroy Destroying ProtocolHandler ["ajp-nio-8009"]
03-Nov-2018 21:41:42.937 INFO [main] org.apache.catalina.startup.VersionLoggerListener.log Server version:        Apache Tomcat/9.0.12
03-Nov-2018 21:41:43.015 INFO [main] org.apache.catalina.startup.VersionLoggerListener.log Server built:          Sep 4 2018 22:13:41 UTC
03-Nov-2018 21:41:43.016 INFO [main] org.apache.catalina.startup.VersionLoggerListener.log Server number:         9.0.12.0
03-Nov-2018 21:41:43.017 INFO [main] org.apache.catalina.startup.VersionLoggerListener.log OS Name:               Windows 10
03-Nov-2018 21:41:43.017 INFO [main] org.apache.catalina.startup.VersionLoggerListener.log OS Version:            10.0
03-Nov-2018 21:41:43.017 INFO [main] org.apache.catalina.startup.VersionLoggerListener.log Architecture:          amd64
03-Nov-2018 21:41:43.017 INFO [main] org.apache.catalina.startup.VersionLoggerListener.log Java Home:             C:\Program Files\Java\jre1.8.0_181
03-Nov-2018 21:41:43.018 INFO [main] org.apache.catalina.startup.VersionLoggerListener.log JVM Version:           1.8.0_181-b13
03-Nov-2018 21:41:43.018 INFO [main] org.apache.catalina.startup.VersionLoggerListener.log JVM Vendor:            Oracle Corporation
03-Nov-2018 21:41:43.018 INFO [main] org.apache.catalina.startup.VersionLoggerListener.log CATALINA_BASE:         C:\Users\limyu\Desktop\nus\year 3 sem 1\CS3235\ImageHost\apache-tomcat-9.0.12
03-Nov-2018 21:41:43.018 INFO [main] org.apache.catalina.startup.VersionLoggerListener.log CATALINA_HOME:         C:\Users\limyu\Desktop\nus\year 3 sem 1\CS3235\ImageHost\apache-tomcat-9.0.12
03-Nov-2018 21:41:43.018 INFO [main] org.apache.catalina.startup.VersionLoggerListener.log Command line argument: -Djava.util.logging.config.file=C:\Users\limyu\Desktop\nus\year 3 sem 1\CS3235\ImageHost\apache-tomcat-9.0.12\conf\logging.properties
03-Nov-2018 21:41:43.018 INFO [main] org.apache.catalina.startup.VersionLoggerListener.log Command line argument: -Djava.util.logging.manager=org.apache.juli.ClassLoaderLogManager
03-Nov-2018 21:41:43.019 INFO [main] org.apache.catalina.startup.VersionLoggerListener.log Command line argument: -Djdk.tls.ephemeralDHKeySize=2048
03-Nov-2018 21:41:43.019 INFO [main] org.apache.catalina.startup.VersionLoggerListener.log Command line argument: -Djava.protocol.handler.pkgs=org.apache.catalina.webresources
03-Nov-2018 21:41:43.019 INFO [main] org.apache.catalina.startup.VersionLoggerListener.log Command line argument: -Dignore.endorsed.dirs=
03-Nov-2018 21:41:43.019 INFO [main] org.apache.catalina.startup.VersionLoggerListener.log Command line argument: -Dcatalina.base=C:\Users\limyu\Desktop\nus\year 3 sem 1\CS3235\ImageHost\apache-tomcat-9.0.12
03-Nov-2018 21:41:43.020 INFO [main] org.apache.catalina.startup.VersionLoggerListener.log Command line argument: -Dcatalina.home=C:\Users\limyu\Desktop\nus\year 3 sem 1\CS3235\ImageHost\apache-tomcat-9.0.12
03-Nov-2018 21:41:43.020 INFO [main] org.apache.catalina.startup.VersionLoggerListener.log Command line argument: -Djava.io.tmpdir=C:\Users\limyu\Desktop\nus\year 3 sem 1\CS3235\ImageHost\apache-tomcat-9.0.12\temp
03-Nov-2018 21:41:43.020 INFO [main] org.apache.catalina.core.AprLifecycleListener.lifecycleEvent The APR based Apache Tomcat Native library which allows optimal performance in production environments was not found on the java.library.path: [C:\Program Files\Java\jre1.8.0_181\bin;C:\WINDOWS\Sun\Java\bin;C:\WINDOWS\system32;C:\WINDOWS;C:\Program Files (x86)\Common Files\Oracle\Java\javapath;C:\ProgramData\Oracle\Java\javapath;C:\WINDOWS\system32;C:\WINDOWS;C:\WINDOWS\System32\Wbem;C:\WINDOWS\System32\WindowsPowerShell\v1.0\;C:\Program Files (x86)\NVIDIA Corporation\PhysX\Common;C:\WINDOWS\system32;C:\WINDOWS;C:\WINDOWS\System32\Wbem;C:\WINDOWS\System32\WindowsPowerShell\v1.0\;C:\Program Files (x86)\PharosSystems\Core;C:\WINDOWS\System32\OpenSSH\;C:\Users\limyu\AppData\Local\Microsoft\WindowsApps;C:\Users\limyu\AppData\Local\GitHubDesktop\bin;C:\Program Files (x86)\SSH Communications Security\SSH Secure Shell;C:\Users\limyu\AppData\Local\Microsoft\WindowsApps;C:\Users\limyu\Desktop\Useful tools\apache-maven-3.5.4\bin;C:\Program Files\Java\jdk1.8.0_144\bin;C:\Program Files\Java\jre1.8.0_171\bin;C:\OpenSSL-Win64\bin;;.]
03-Nov-2018 21:41:45.415 INFO [main] org.apache.coyote.AbstractProtocol.init Initializing ProtocolHandler ["http-nio-8080"]
03-Nov-2018 21:41:45.735 INFO [main] org.apache.tomcat.util.net.NioSelectorPool.getSharedSelector Using a shared selector for servlet write/read
03-Nov-2018 21:41:45.767 INFO [main] org.apache.coyote.AbstractProtocol.init Initializing ProtocolHandler ["ajp-nio-8009"]
03-Nov-2018 21:41:45.769 INFO [main] org.apache.tomcat.util.net.NioSelectorPool.getSharedSelector Using a shared selector for servlet write/read
03-Nov-2018 21:41:45.770 INFO [main] org.apache.catalina.startup.Catalina.load Initialization processed in 4673 ms
03-Nov-2018 21:41:45.849 INFO [main] org.apache.catalina.core.StandardService.startInternal Starting service [Catalina]
03-Nov-2018 21:41:45.850 INFO [main] org.apache.catalina.core.StandardEngine.startInternal Starting Servlet Engine: Apache Tomcat/9.0.12
03-Nov-2018 21:41:45.878 INFO [main] org.apache.catalina.startup.HostConfig.deployWAR Deploying web application archive [C:\Users\limyu\Desktop\nus\year 3 sem 1\CS3235\ImageHost\apache-tomcat-9.0.12\webapps\ImageHost.war]
03-Nov-2018 21:41:49.437 INFO [main] org.apache.jasper.servlet.TldScanner.scanJars At least one JAR was scanned for TLDs yet contained no TLDs. Enable debug logging for this logger for a complete list of JARs that were scanned but no TLDs were found in them. Skipping unneeded JARs during scanning can improve startup time and JSP compilation time.
03-Nov-2018 21:41:52.298 INFO [main] org.hibernate.Version.logVersion HHH000412: Hibernate Core {5.3.3.Final}
03-Nov-2018 21:41:52.304 INFO [main] org.hibernate.cfg.Environment.<clinit> HHH000206: hibernate.properties not found
03-Nov-2018 21:41:52.697 INFO [main] org.hibernate.annotations.common.reflection.java.JavaReflectionManager.<clinit> HCANN000001: Hibernate Commons Annotations {5.0.4.Final}
03-Nov-2018 21:41:54.793 INFO [main] org.hibernate.dialect.Dialect.<init> HHH000400: Using dialect: org.hibernate.dialect.MySQLDialect
03-Nov-2018 21:41:55.994 INFO [main] org.hibernate.validator.internal.util.Version.<clinit> HV000001: Hibernate Validator 5.2.4.Final
03-Nov-2018 21:41:58.986 INFO [main] org.apache.catalina.startup.HostConfig.deployWAR Deployment of web application archive [C:\Users\limyu\Desktop\nus\year 3 sem 1\CS3235\ImageHost\apache-tomcat-9.0.12\webapps\ImageHost.war] has finished in [13,097] ms
03-Nov-2018 21:41:58.987 INFO [main] org.apache.catalina.startup.HostConfig.deployDirectory Deploying web application directory [C:\Users\limyu\Desktop\nus\year 3 sem 1\CS3235\ImageHost\apache-tomcat-9.0.12\webapps\docs]
03-Nov-2018 21:41:59.053 INFO [main] org.apache.catalina.startup.HostConfig.deployDirectory Deployment of web application directory [C:\Users\limyu\Desktop\nus\year 3 sem 1\CS3235\ImageHost\apache-tomcat-9.0.12\webapps\docs] has finished in [65] ms
03-Nov-2018 21:41:59.053 INFO [main] org.apache.catalina.startup.HostConfig.deployDirectory Deploying web application directory [C:\Users\limyu\Desktop\nus\year 3 sem 1\CS3235\ImageHost\apache-tomcat-9.0.12\webapps\examples]
03-Nov-2018 21:42:00.398 INFO [main] org.apache.catalina.startup.HostConfig.deployDirectory Deployment of web application directory [C:\Users\limyu\Desktop\nus\year 3 sem 1\CS3235\ImageHost\apache-tomcat-9.0.12\webapps\examples] has finished in [1,344] ms
03-Nov-2018 21:42:00.398 INFO [main] org.apache.catalina.startup.HostConfig.deployDirectory Deploying web application directory [C:\Users\limyu\Desktop\nus\year 3 sem 1\CS3235\ImageHost\apache-tomcat-9.0.12\webapps\host-manager]
03-Nov-2018 21:42:00.504 INFO [main] org.apache.catalina.startup.HostConfig.deployDirectory Deployment of web application directory [C:\Users\limyu\Desktop\nus\year 3 sem 1\CS3235\ImageHost\apache-tomcat-9.0.12\webapps\host-manager] has finished in [106] ms
03-Nov-2018 21:42:00.505 INFO [main] org.apache.catalina.startup.HostConfig.deployDirectory Deploying web application directory [C:\Users\limyu\Desktop\nus\year 3 sem 1\CS3235\ImageHost\apache-tomcat-9.0.12\webapps\manager]
03-Nov-2018 21:42:00.586 INFO [main] org.apache.catalina.startup.HostConfig.deployDirectory Deployment of web application directory [C:\Users\limyu\Desktop\nus\year 3 sem 1\CS3235\ImageHost\apache-tomcat-9.0.12\webapps\manager] has finished in [81] ms
03-Nov-2018 21:42:00.586 INFO [main] org.apache.catalina.startup.HostConfig.deployDirectory Deploying web application directory [C:\Users\limyu\Desktop\nus\year 3 sem 1\CS3235\ImageHost\apache-tomcat-9.0.12\webapps\ROOT]
03-Nov-2018 21:42:00.632 INFO [main] org.apache.catalina.startup.HostConfig.deployDirectory Deployment of web application directory [C:\Users\limyu\Desktop\nus\year 3 sem 1\CS3235\ImageHost\apache-tomcat-9.0.12\webapps\ROOT] has finished in [45] ms
03-Nov-2018 21:42:00.636 INFO [main] org.apache.coyote.AbstractProtocol.start Starting ProtocolHandler ["http-nio-8080"]
03-Nov-2018 21:42:00.654 INFO [main] org.apache.coyote.AbstractProtocol.start Starting ProtocolHandler ["ajp-nio-8009"]
03-Nov-2018 21:42:00.663 INFO [main] org.apache.catalina.startup.Catalina.start Server startup in 14892 ms
03-Nov-2018 21:42:11.939 WARN [http-nio-8080-exec-7] org.hibernate.internal.SessionImpl.createCriteria HHH90000022: Hibernate's legacy org.hibernate.Criteria API is deprecated; use the JPA javax.persistence.criteria.CriteriaQuery instead
03-Nov-2018 23:42:25.426 INFO [main] org.apache.catalina.startup.VersionLoggerListener.log Server version:        Apache Tomcat/9.0.12
03-Nov-2018 23:42:25.489 INFO [main] org.apache.catalina.startup.VersionLoggerListener.log Server built:          Sep 4 2018 22:13:41 UTC
03-Nov-2018 23:42:25.489 INFO [main] org.apache.catalina.startup.VersionLoggerListener.log Server number:         9.0.12.0
03-Nov-2018 23:42:25.489 INFO [main] org.apache.catalina.startup.VersionLoggerListener.log OS Name:               Windows 10
03-Nov-2018 23:42:25.489 INFO [main] org.apache.catalina.startup.VersionLoggerListener.log OS Version:            10.0
03-Nov-2018 23:42:25.489 INFO [main] org.apache.catalina.startup.VersionLoggerListener.log Architecture:          amd64
03-Nov-2018 23:42:25.489 INFO [main] org.apache.catalina.startup.VersionLoggerListener.log Java Home:             C:\Program Files\Java\jre1.8.0_181
03-Nov-2018 23:42:25.489 INFO [main] org.apache.catalina.startup.VersionLoggerListener.log JVM Version:           1.8.0_181-b13
03-Nov-2018 23:42:25.489 INFO [main] org.apache.catalina.startup.VersionLoggerListener.log JVM Vendor:            Oracle Corporation
03-Nov-2018 23:42:25.489 INFO [main] org.apache.catalina.startup.VersionLoggerListener.log CATALINA_BASE:         C:\Users\limyu\Desktop\nus\year 3 sem 1\CS3235\ImageHost\apache-tomcat-9.0.12
03-Nov-2018 23:42:25.489 INFO [main] org.apache.catalina.startup.VersionLoggerListener.log CATALINA_HOME:         C:\Users\limyu\Desktop\nus\year 3 sem 1\CS3235\ImageHost\apache-tomcat-9.0.12
03-Nov-2018 23:42:25.489 INFO [main] org.apache.catalina.startup.VersionLoggerListener.log Command line argument: -Djava.util.logging.config.file=C:\Users\limyu\Desktop\nus\year 3 sem 1\CS3235\ImageHost\apache-tomcat-9.0.12\conf\logging.properties
03-Nov-2018 23:42:25.489 INFO [main] org.apache.catalina.startup.VersionLoggerListener.log Command line argument: -Djava.util.logging.manager=org.apache.juli.ClassLoaderLogManager
03-Nov-2018 23:42:25.489 INFO [main] org.apache.catalina.startup.VersionLoggerListener.log Command line argument: -Djdk.tls.ephemeralDHKeySize=2048
03-Nov-2018 23:42:25.489 INFO [main] org.apache.catalina.startup.VersionLoggerListener.log Command line argument: -Djava.protocol.handler.pkgs=org.apache.catalina.webresources
03-Nov-2018 23:42:25.489 INFO [main] org.apache.catalina.startup.VersionLoggerListener.log Command line argument: -Dignore.endorsed.dirs=
03-Nov-2018 23:42:25.489 INFO [main] org.apache.catalina.startup.VersionLoggerListener.log Command line argument: -Dcatalina.base=C:\Users\limyu\Desktop\nus\year 3 sem 1\CS3235\ImageHost\apache-tomcat-9.0.12
03-Nov-2018 23:42:25.489 INFO [main] org.apache.catalina.startup.VersionLoggerListener.log Command line argument: -Dcatalina.home=C:\Users\limyu\Desktop\nus\year 3 sem 1\CS3235\ImageHost\apache-tomcat-9.0.12
03-Nov-2018 23:42:25.504 INFO [main] org.apache.catalina.startup.VersionLoggerListener.log Command line argument: -Djava.io.tmpdir=C:\Users\limyu\Desktop\nus\year 3 sem 1\CS3235\ImageHost\apache-tomcat-9.0.12\temp
03-Nov-2018 23:42:25.504 INFO [main] org.apache.catalina.core.AprLifecycleListener.lifecycleEvent The APR based Apache Tomcat Native library which allows optimal performance in production environments was not found on the java.library.path: [C:\Program Files\Java\jre1.8.0_181\bin;C:\WINDOWS\Sun\Java\bin;C:\WINDOWS\system32;C:\WINDOWS;C:\Program Files (x86)\Common Files\Oracle\Java\javapath;C:\ProgramData\Oracle\Java\javapath;C:\WINDOWS\system32;C:\WINDOWS;C:\WINDOWS\System32\Wbem;C:\WINDOWS\System32\WindowsPowerShell\v1.0\;C:\Program Files (x86)\NVIDIA Corporation\PhysX\Common;C:\WINDOWS\system32;C:\WINDOWS;C:\WINDOWS\System32\Wbem;C:\WINDOWS\System32\WindowsPowerShell\v1.0\;C:\Program Files (x86)\PharosSystems\Core;C:\WINDOWS\System32\OpenSSH\;C:\Users\limyu\AppData\Local\Microsoft\WindowsApps;C:\Users\limyu\AppData\Local\GitHubDesktop\bin;C:\Program Files (x86)\SSH Communications Security\SSH Secure Shell;C:\Users\limyu\AppData\Local\Microsoft\WindowsApps;C:\Users\limyu\Desktop\Useful tools\apache-maven-3.5.4\bin;C:\Program Files\Java\jdk1.8.0_144\bin;C:\Program Files\Java\jre1.8.0_171\bin;C:\OpenSSL-Win64\bin;;.]
03-Nov-2018 23:42:27.705 INFO [main] org.apache.coyote.AbstractProtocol.init Initializing ProtocolHandler ["http-nio-8080"]
03-Nov-2018 23:42:27.888 INFO [main] org.apache.tomcat.util.net.NioSelectorPool.getSharedSelector Using a shared selector for servlet write/read
03-Nov-2018 23:42:27.902 INFO [main] org.apache.coyote.AbstractProtocol.init Initializing ProtocolHandler ["ajp-nio-8009"]
03-Nov-2018 23:42:27.905 INFO [main] org.apache.tomcat.util.net.NioSelectorPool.getSharedSelector Using a shared selector for servlet write/read
03-Nov-2018 23:42:27.906 INFO [main] org.apache.catalina.startup.Catalina.load Initialization processed in 3051 ms
03-Nov-2018 23:42:27.967 INFO [main] org.apache.catalina.core.StandardService.startInternal Starting service [Catalina]
03-Nov-2018 23:42:27.967 INFO [main] org.apache.catalina.core.StandardEngine.startInternal Starting Servlet Engine: Apache Tomcat/9.0.12
03-Nov-2018 23:42:28.068 INFO [main] org.apache.catalina.startup.HostConfig.deployWAR Deploying web application archive [C:\Users\limyu\Desktop\nus\year 3 sem 1\CS3235\ImageHost\apache-tomcat-9.0.12\webapps\ImageHost.war]
03-Nov-2018 23:42:28.485 INFO [main] org.apache.catalina.startup.ExpandWar.expand An expanded directory [C:\Users\limyu\Desktop\nus\year 3 sem 1\CS3235\ImageHost\apache-tomcat-9.0.12\webapps\ImageHost] was found with a last modified time that did not match the associated WAR. It will be deleted.
03-Nov-2018 23:42:38.316 INFO [main] org.apache.jasper.servlet.TldScanner.scanJars At least one JAR was scanned for TLDs yet contained no TLDs. Enable debug logging for this logger for a complete list of JARs that were scanned but no TLDs were found in them. Skipping unneeded JARs during scanning can improve startup time and JSP compilation time.
03-Nov-2018 23:42:45.481 INFO [main] org.hibernate.Version.logVersion HHH000412: Hibernate Core {5.3.3.Final}
03-Nov-2018 23:42:45.484 INFO [main] org.hibernate.cfg.Environment.<clinit> HHH000206: hibernate.properties not found
03-Nov-2018 23:42:45.728 INFO [main] org.hibernate.annotations.common.reflection.java.JavaReflectionManager.<clinit> HCANN000001: Hibernate Commons Annotations {5.0.4.Final}
03-Nov-2018 23:42:50.895 INFO [main] org.hibernate.dialect.Dialect.<init> HHH000400: Using dialect: org.hibernate.dialect.MySQLDialect
03-Nov-2018 23:42:51.696 INFO [main] org.hibernate.validator.internal.util.Version.<clinit> HV000001: Hibernate Validator 5.2.4.Final
03-Nov-2018 23:42:54.827 INFO [main] org.apache.catalina.startup.HostConfig.deployWAR Deployment of web application archive [C:\Users\limyu\Desktop\nus\year 3 sem 1\CS3235\ImageHost\apache-tomcat-9.0.12\webapps\ImageHost.war] has finished in [26,751] ms
03-Nov-2018 23:42:54.829 INFO [main] org.apache.catalina.startup.HostConfig.deployDirectory Deploying web application directory [C:\Users\limyu\Desktop\nus\year 3 sem 1\CS3235\ImageHost\apache-tomcat-9.0.12\webapps\docs]
03-Nov-2018 23:42:54.902 INFO [main] org.apache.catalina.startup.HostConfig.deployDirectory Deployment of web application directory [C:\Users\limyu\Desktop\nus\year 3 sem 1\CS3235\ImageHost\apache-tomcat-9.0.12\webapps\docs] has finished in [73] ms
03-Nov-2018 23:42:54.903 INFO [main] org.apache.catalina.startup.HostConfig.deployDirectory Deploying web application directory [C:\Users\limyu\Desktop\nus\year 3 sem 1\CS3235\ImageHost\apache-tomcat-9.0.12\webapps\examples]
03-Nov-2018 23:42:57.991 INFO [main] org.apache.catalina.startup.HostConfig.deployDirectory Deployment of web application directory [C:\Users\limyu\Desktop\nus\year 3 sem 1\CS3235\ImageHost\apache-tomcat-9.0.12\webapps\examples] has finished in [3,087] ms
03-Nov-2018 23:42:57.992 INFO [main] org.apache.catalina.startup.HostConfig.deployDirectory Deploying web application directory [C:\Users\limyu\Desktop\nus\year 3 sem 1\CS3235\ImageHost\apache-tomcat-9.0.12\webapps\host-manager]
03-Nov-2018 23:42:58.143 INFO [main] org.apache.catalina.startup.HostConfig.deployDirectory Deployment of web application directory [C:\Users\limyu\Desktop\nus\year 3 sem 1\CS3235\ImageHost\apache-tomcat-9.0.12\webapps\host-manager] has finished in [152] ms
03-Nov-2018 23:42:58.144 INFO [main] org.apache.catalina.startup.HostConfig.deployDirectory Deploying web application directory [C:\Users\limyu\Desktop\nus\year 3 sem 1\CS3235\ImageHost\apache-tomcat-9.0.12\webapps\manager]
03-Nov-2018 23:42:58.287 INFO [main] org.apache.catalina.startup.HostConfig.deployDirectory Deployment of web application directory [C:\Users\limyu\Desktop\nus\year 3 sem 1\CS3235\ImageHost\apache-tomcat-9.0.12\webapps\manager] has finished in [143] ms
03-Nov-2018 23:42:58.288 INFO [main] org.apache.catalina.startup.HostConfig.deployDirectory Deploying web application directory [C:\Users\limyu\Desktop\nus\year 3 sem 1\CS3235\ImageHost\apache-tomcat-9.0.12\webapps\ROOT]
03-Nov-2018 23:42:58.344 INFO [main] org.apache.catalina.startup.HostConfig.deployDirectory Deployment of web application directory [C:\Users\limyu\Desktop\nus\year 3 sem 1\CS3235\ImageHost\apache-tomcat-9.0.12\webapps\ROOT] has finished in [56] ms
03-Nov-2018 23:42:58.351 INFO [main] org.apache.coyote.AbstractProtocol.start Starting ProtocolHandler ["http-nio-8080"]
03-Nov-2018 23:42:58.385 INFO [main] org.apache.coyote.AbstractProtocol.start Starting ProtocolHandler ["ajp-nio-8009"]
03-Nov-2018 23:42:58.388 INFO [main] org.apache.catalina.startup.Catalina.start Server startup in 30481 ms
03-Nov-2018 23:43:14.418 WARN [http-nio-8080-exec-1] org.hibernate.internal.SessionImpl.createCriteria HHH90000022: Hibernate's legacy org.hibernate.Criteria API is deprecated; use the JPA javax.persistence.criteria.CriteriaQuery instead
03-Nov-2018 23:43:29.920 WARN [http-nio-8080-exec-6] org.hibernate.internal.SessionImpl.createCriteria HHH90000022: Hibernate's legacy org.hibernate.Criteria API is deprecated; use the JPA javax.persistence.criteria.CriteriaQuery instead
03-Nov-2018 23:43:31.174 WARN [http-nio-8080-exec-7] org.hibernate.internal.SessionImpl.createCriteria HHH90000022: Hibernate's legacy org.hibernate.Criteria API is deprecated; use the JPA javax.persistence.criteria.CriteriaQuery instead
03-Nov-2018 23:44:04.557 WARN [http-nio-8080-exec-1] org.hibernate.internal.SessionImpl.createCriteria HHH90000022: Hibernate's legacy org.hibernate.Criteria API is deprecated; use the JPA javax.persistence.criteria.CriteriaQuery instead
03-Nov-2018 23:44:11.822 WARN [http-nio-8080-exec-3] org.hibernate.internal.SessionImpl.createCriteria HHH90000022: Hibernate's legacy org.hibernate.Criteria API is deprecated; use the JPA javax.persistence.criteria.CriteriaQuery instead
03-Nov-2018 23:44:12.257 WARN [http-nio-8080-exec-4] org.hibernate.internal.SessionImpl.createCriteria HHH90000022: Hibernate's legacy org.hibernate.Criteria API is deprecated; use the JPA javax.persistence.criteria.CriteriaQuery instead
03-Nov-2018 23:50:16.719 INFO [main] org.apache.catalina.startup.VersionLoggerListener.log Server version:        Apache Tomcat/9.0.12
03-Nov-2018 23:50:16.722 INFO [main] org.apache.catalina.startup.VersionLoggerListener.log Server built:          Sep 4 2018 22:13:41 UTC
03-Nov-2018 23:50:16.722 INFO [main] org.apache.catalina.startup.VersionLoggerListener.log Server number:         9.0.12.0
03-Nov-2018 23:50:16.722 INFO [main] org.apache.catalina.startup.VersionLoggerListener.log OS Name:               Windows 10
03-Nov-2018 23:50:16.722 INFO [main] org.apache.catalina.startup.VersionLoggerListener.log OS Version:            10.0
03-Nov-2018 23:50:16.722 INFO [main] org.apache.catalina.startup.VersionLoggerListener.log Architecture:          amd64
03-Nov-2018 23:50:16.723 INFO [main] org.apache.catalina.startup.VersionLoggerListener.log Java Home:             C:\Program Files\Java\jre1.8.0_181
03-Nov-2018 23:50:16.723 INFO [main] org.apache.catalina.startup.VersionLoggerListener.log JVM Version:           1.8.0_181-b13
03-Nov-2018 23:50:16.723 INFO [main] org.apache.catalina.startup.VersionLoggerListener.log JVM Vendor:            Oracle Corporation
03-Nov-2018 23:50:16.723 INFO [main] org.apache.catalina.startup.VersionLoggerListener.log CATALINA_BASE:         C:\Users\limyu\Desktop\nus\year 3 sem 1\CS3235\ImageHost\apache-tomcat-9.0.12
03-Nov-2018 23:50:16.723 INFO [main] org.apache.catalina.startup.VersionLoggerListener.log CATALINA_HOME:         C:\Users\limyu\Desktop\nus\year 3 sem 1\CS3235\ImageHost\apache-tomcat-9.0.12
03-Nov-2018 23:50:16.723 INFO [main] org.apache.catalina.startup.VersionLoggerListener.log Command line argument: -Djava.util.logging.config.file=C:\Users\limyu\Desktop\nus\year 3 sem 1\CS3235\ImageHost\apache-tomcat-9.0.12\conf\logging.properties
03-Nov-2018 23:50:16.724 INFO [main] org.apache.catalina.startup.VersionLoggerListener.log Command line argument: -Djava.util.logging.manager=org.apache.juli.ClassLoaderLogManager
03-Nov-2018 23:50:16.724 INFO [main] org.apache.catalina.startup.VersionLoggerListener.log Command line argument: -Djdk.tls.ephemeralDHKeySize=2048
03-Nov-2018 23:50:16.724 INFO [main] org.apache.catalina.startup.VersionLoggerListener.log Command line argument: -Djava.protocol.handler.pkgs=org.apache.catalina.webresources
03-Nov-2018 23:50:16.724 INFO [main] org.apache.catalina.startup.VersionLoggerListener.log Command line argument: -Dignore.endorsed.dirs=
03-Nov-2018 23:50:16.724 INFO [main] org.apache.catalina.startup.VersionLoggerListener.log Command line argument: -Dcatalina.base=C:\Users\limyu\Desktop\nus\year 3 sem 1\CS3235\ImageHost\apache-tomcat-9.0.12
03-Nov-2018 23:50:16.725 INFO [main] org.apache.catalina.startup.VersionLoggerListener.log Command line argument: -Dcatalina.home=C:\Users\limyu\Desktop\nus\year 3 sem 1\CS3235\ImageHost\apache-tomcat-9.0.12
03-Nov-2018 23:50:16.725 INFO [main] org.apache.catalina.startup.VersionLoggerListener.log Command line argument: -Djava.io.tmpdir=C:\Users\limyu\Desktop\nus\year 3 sem 1\CS3235\ImageHost\apache-tomcat-9.0.12\temp
03-Nov-2018 23:50:16.725 INFO [main] org.apache.catalina.core.AprLifecycleListener.lifecycleEvent The APR based Apache Tomcat Native library which allows optimal performance in production environments was not found on the java.library.path: [C:\Program Files\Java\jre1.8.0_181\bin;C:\WINDOWS\Sun\Java\bin;C:\WINDOWS\system32;C:\WINDOWS;C:\Program Files (x86)\Common Files\Oracle\Java\javapath;C:\ProgramData\Oracle\Java\javapath;C:\WINDOWS\system32;C:\WINDOWS;C:\WINDOWS\System32\Wbem;C:\WINDOWS\System32\WindowsPowerShell\v1.0\;C:\Program Files (x86)\NVIDIA Corporation\PhysX\Common;C:\WINDOWS\system32;C:\WINDOWS;C:\WINDOWS\System32\Wbem;C:\WINDOWS\System32\WindowsPowerShell\v1.0\;C:\Program Files (x86)\PharosSystems\Core;C:\WINDOWS\System32\OpenSSH\;C:\Users\limyu\AppData\Local\Microsoft\WindowsApps;C:\Users\limyu\AppData\Local\GitHubDesktop\bin;C:\Program Files (x86)\SSH Communications Security\SSH Secure Shell;C:\Users\limyu\AppData\Local\Microsoft\WindowsApps;C:\Users\limyu\Desktop\Useful tools\apache-maven-3.5.4\bin;C:\Program Files\Java\jdk1.8.0_144\bin;C:\Program Files\Java\jre1.8.0_171\bin;C:\OpenSSL-Win64\bin;;.]
03-Nov-2018 23:50:16.839 INFO [main] org.apache.coyote.AbstractProtocol.init Initializing ProtocolHandler ["http-nio-8080"]
03-Nov-2018 23:50:16.981 INFO [main] org.apache.tomcat.util.net.NioSelectorPool.getSharedSelector Using a shared selector for servlet write/read
03-Nov-2018 23:50:16.991 INFO [main] org.apache.coyote.AbstractProtocol.init Initializing ProtocolHandler ["ajp-nio-8009"]
03-Nov-2018 23:50:16.993 INFO [main] org.apache.tomcat.util.net.NioSelectorPool.getSharedSelector Using a shared selector for servlet write/read
03-Nov-2018 23:50:16.993 INFO [main] org.apache.catalina.startup.Catalina.load Initialization processed in 598 ms
03-Nov-2018 23:50:17.022 INFO [main] org.apache.catalina.core.StandardService.startInternal Starting service [Catalina]
03-Nov-2018 23:50:17.022 INFO [main] org.apache.catalina.core.StandardEngine.startInternal Starting Servlet Engine: Apache Tomcat/9.0.12
03-Nov-2018 23:50:17.052 INFO [main] org.apache.catalina.startup.HostConfig.deployWAR Deploying web application archive [C:\Users\limyu\Desktop\nus\year 3 sem 1\CS3235\ImageHost\apache-tomcat-9.0.12\webapps\ImageHost.war]
03-Nov-2018 23:50:17.091 INFO [main] org.apache.catalina.startup.ExpandWar.expand An expanded directory [C:\Users\limyu\Desktop\nus\year 3 sem 1\CS3235\ImageHost\apache-tomcat-9.0.12\webapps\ImageHost] was found with a last modified time that did not match the associated WAR. It will be deleted.
03-Nov-2018 23:50:21.208 INFO [main] org.apache.jasper.servlet.TldScanner.scanJars At least one JAR was scanned for TLDs yet contained no TLDs. Enable debug logging for this logger for a complete list of JARs that were scanned but no TLDs were found in them. Skipping unneeded JARs during scanning can improve startup time and JSP compilation time.
03-Nov-2018 23:50:24.909 INFO [main] org.hibernate.Version.logVersion HHH000412: Hibernate Core {5.3.3.Final}
03-Nov-2018 23:50:24.913 INFO [main] org.hibernate.cfg.Environment.<clinit> HHH000206: hibernate.properties not found
03-Nov-2018 23:50:25.212 INFO [main] org.hibernate.annotations.common.reflection.java.JavaReflectionManager.<clinit> HCANN000001: Hibernate Commons Annotations {5.0.4.Final}
03-Nov-2018 23:50:25.861 INFO [main] org.hibernate.dialect.Dialect.<init> HHH000400: Using dialect: org.hibernate.dialect.MySQLDialect
03-Nov-2018 23:50:26.658 INFO [main] org.hibernate.validator.internal.util.Version.<clinit> HV000001: Hibernate Validator 5.2.4.Final
03-Nov-2018 23:50:28.798 INFO [main] org.apache.catalina.startup.HostConfig.deployWAR Deployment of web application archive [C:\Users\limyu\Desktop\nus\year 3 sem 1\CS3235\ImageHost\apache-tomcat-9.0.12\webapps\ImageHost.war] has finished in [11,745] ms
03-Nov-2018 23:50:28.801 INFO [main] org.apache.catalina.startup.HostConfig.deployDirectory Deploying web application directory [C:\Users\limyu\Desktop\nus\year 3 sem 1\CS3235\ImageHost\apache-tomcat-9.0.12\webapps\docs]
03-Nov-2018 23:50:28.891 INFO [main] org.apache.catalina.startup.HostConfig.deployDirectory Deployment of web application directory [C:\Users\limyu\Desktop\nus\year 3 sem 1\CS3235\ImageHost\apache-tomcat-9.0.12\webapps\docs] has finished in [91] ms
03-Nov-2018 23:50:28.892 INFO [main] org.apache.catalina.startup.HostConfig.deployDirectory Deploying web application directory [C:\Users\limyu\Desktop\nus\year 3 sem 1\CS3235\ImageHost\apache-tomcat-9.0.12\webapps\examples]
03-Nov-2018 23:50:30.550 INFO [main] org.apache.catalina.startup.HostConfig.deployDirectory Deployment of web application directory [C:\Users\limyu\Desktop\nus\year 3 sem 1\CS3235\ImageHost\apache-tomcat-9.0.12\webapps\examples] has finished in [1,657] ms
03-Nov-2018 23:50:30.550 INFO [main] org.apache.catalina.startup.HostConfig.deployDirectory Deploying web application directory [C:\Users\limyu\Desktop\nus\year 3 sem 1\CS3235\ImageHost\apache-tomcat-9.0.12\webapps\host-manager]
03-Nov-2018 23:50:30.761 INFO [main] org.apache.catalina.startup.HostConfig.deployDirectory Deployment of web application directory [C:\Users\limyu\Desktop\nus\year 3 sem 1\CS3235\ImageHost\apache-tomcat-9.0.12\webapps\host-manager] has finished in [211] ms
03-Nov-2018 23:50:30.762 INFO [main] org.apache.catalina.startup.HostConfig.deployDirectory Deploying web application directory [C:\Users\limyu\Desktop\nus\year 3 sem 1\CS3235\ImageHost\apache-tomcat-9.0.12\webapps\manager]
03-Nov-2018 23:50:30.809 INFO [main] org.apache.catalina.startup.HostConfig.deployDirectory Deployment of web application directory [C:\Users\limyu\Desktop\nus\year 3 sem 1\CS3235\ImageHost\apache-tomcat-9.0.12\webapps\manager] has finished in [47] ms
03-Nov-2018 23:50:30.810 INFO [main] org.apache.catalina.startup.HostConfig.deployDirectory Deploying web application directory [C:\Users\limyu\Desktop\nus\year 3 sem 1\CS3235\ImageHost\apache-tomcat-9.0.12\webapps\ROOT]
03-Nov-2018 23:50:30.847 INFO [main] org.apache.catalina.startup.HostConfig.deployDirectory Deployment of web application directory [C:\Users\limyu\Desktop\nus\year 3 sem 1\CS3235\ImageHost\apache-tomcat-9.0.12\webapps\ROOT] has finished in [37] ms
03-Nov-2018 23:50:30.852 INFO [main] org.apache.coyote.AbstractProtocol.start Starting ProtocolHandler ["http-nio-8080"]
03-Nov-2018 23:50:30.860 INFO [main] org.apache.coyote.AbstractProtocol.start Starting ProtocolHandler ["ajp-nio-8009"]
03-Nov-2018 23:50:30.862 INFO [main] org.apache.catalina.startup.Catalina.start Server startup in 13868 ms
03-Nov-2018 23:50:42.227 WARN [http-nio-8080-exec-1] org.hibernate.internal.SessionImpl.createCriteria HHH90000022: Hibernate's legacy org.hibernate.Criteria API is deprecated; use the JPA javax.persistence.criteria.CriteriaQuery instead
03-Nov-2018 23:50:45.079 WARN [http-nio-8080-exec-4] org.hibernate.internal.SessionImpl.createCriteria HHH90000022: Hibernate's legacy org.hibernate.Criteria API is deprecated; use the JPA javax.persistence.criteria.CriteriaQuery instead
03-Nov-2018 23:50:49.663 WARN [http-nio-8080-exec-6] org.hibernate.internal.SessionImpl.createCriteria HHH90000022: Hibernate's legacy org.hibernate.Criteria API is deprecated; use the JPA javax.persistence.criteria.CriteriaQuery instead
03-Nov-2018 23:50:50.158 WARN [http-nio-8080-exec-7] org.hibernate.internal.SessionImpl.createCriteria HHH90000022: Hibernate's legacy org.hibernate.Criteria API is deprecated; use the JPA javax.persistence.criteria.CriteriaQuery instead
03-Nov-2018 23:54:17.375 INFO [main] org.apache.catalina.startup.VersionLoggerListener.log Server version:        Apache Tomcat/9.0.12
03-Nov-2018 23:54:17.391 INFO [main] org.apache.catalina.startup.VersionLoggerListener.log Server built:          Sep 4 2018 22:13:41 UTC
03-Nov-2018 23:54:17.391 INFO [main] org.apache.catalina.startup.VersionLoggerListener.log Server number:         9.0.12.0
03-Nov-2018 23:54:17.391 INFO [main] org.apache.catalina.startup.VersionLoggerListener.log OS Name:               Windows 10
03-Nov-2018 23:54:17.391 INFO [main] org.apache.catalina.startup.VersionLoggerListener.log OS Version:            10.0
03-Nov-2018 23:54:17.391 INFO [main] org.apache.catalina.startup.VersionLoggerListener.log Architecture:          amd64
03-Nov-2018 23:54:17.391 INFO [main] org.apache.catalina.startup.VersionLoggerListener.log Java Home:             C:\Program Files\Java\jre1.8.0_181
03-Nov-2018 23:54:17.391 INFO [main] org.apache.catalina.startup.VersionLoggerListener.log JVM Version:           1.8.0_181-b13
03-Nov-2018 23:54:17.391 INFO [main] org.apache.catalina.startup.VersionLoggerListener.log JVM Vendor:            Oracle Corporation
03-Nov-2018 23:54:17.391 INFO [main] org.apache.catalina.startup.VersionLoggerListener.log CATALINA_BASE:         C:\Users\limyu\Desktop\nus\year 3 sem 1\CS3235\ImageHost\apache-tomcat-9.0.12
03-Nov-2018 23:54:17.391 INFO [main] org.apache.catalina.startup.VersionLoggerListener.log CATALINA_HOME:         C:\Users\limyu\Desktop\nus\year 3 sem 1\CS3235\ImageHost\apache-tomcat-9.0.12
03-Nov-2018 23:54:17.391 INFO [main] org.apache.catalina.startup.VersionLoggerListener.log Command line argument: -Djava.util.logging.config.file=C:\Users\limyu\Desktop\nus\year 3 sem 1\CS3235\ImageHost\apache-tomcat-9.0.12\conf\logging.properties
03-Nov-2018 23:54:17.391 INFO [main] org.apache.catalina.startup.VersionLoggerListener.log Command line argument: -Djava.util.logging.manager=org.apache.juli.ClassLoaderLogManager
03-Nov-2018 23:54:17.391 INFO [main] org.apache.catalina.startup.VersionLoggerListener.log Command line argument: -Djdk.tls.ephemeralDHKeySize=2048
03-Nov-2018 23:54:17.391 INFO [main] org.apache.catalina.startup.VersionLoggerListener.log Command line argument: -Djava.protocol.handler.pkgs=org.apache.catalina.webresources
03-Nov-2018 23:54:17.391 INFO [main] org.apache.catalina.startup.VersionLoggerListener.log Command line argument: -Dignore.endorsed.dirs=
03-Nov-2018 23:54:17.391 INFO [main] org.apache.catalina.startup.VersionLoggerListener.log Command line argument: -Dcatalina.base=C:\Users\limyu\Desktop\nus\year 3 sem 1\CS3235\ImageHost\apache-tomcat-9.0.12
03-Nov-2018 23:54:17.391 INFO [main] org.apache.catalina.startup.VersionLoggerListener.log Command line argument: -Dcatalina.home=C:\Users\limyu\Desktop\nus\year 3 sem 1\CS3235\ImageHost\apache-tomcat-9.0.12
03-Nov-2018 23:54:17.391 INFO [main] org.apache.catalina.startup.VersionLoggerListener.log Command line argument: -Djava.io.tmpdir=C:\Users\limyu\Desktop\nus\year 3 sem 1\CS3235\ImageHost\apache-tomcat-9.0.12\temp
03-Nov-2018 23:54:17.391 INFO [main] org.apache.catalina.core.AprLifecycleListener.lifecycleEvent The APR based Apache Tomcat Native library which allows optimal performance in production environments was not found on the java.library.path: [C:\Program Files\Java\jre1.8.0_181\bin;C:\WINDOWS\Sun\Java\bin;C:\WINDOWS\system32;C:\WINDOWS;C:\Program Files (x86)\Common Files\Oracle\Java\javapath;C:\ProgramData\Oracle\Java\javapath;C:\WINDOWS\system32;C:\WINDOWS;C:\WINDOWS\System32\Wbem;C:\WINDOWS\System32\WindowsPowerShell\v1.0\;C:\Program Files (x86)\NVIDIA Corporation\PhysX\Common;C:\WINDOWS\system32;C:\WINDOWS;C:\WINDOWS\System32\Wbem;C:\WINDOWS\System32\WindowsPowerShell\v1.0\;C:\Program Files (x86)\PharosSystems\Core;C:\WINDOWS\System32\OpenSSH\;C:\Users\limyu\AppData\Local\Microsoft\WindowsApps;C:\Users\limyu\AppData\Local\GitHubDesktop\bin;C:\Program Files (x86)\SSH Communications Security\SSH Secure Shell;C:\Users\limyu\AppData\Local\Microsoft\WindowsApps;C:\Users\limyu\Desktop\Useful tools\apache-maven-3.5.4\bin;C:\Program Files\Java\jdk1.8.0_144\bin;C:\Program Files\Java\jre1.8.0_171\bin;C:\OpenSSL-Win64\bin;;.]
03-Nov-2018 23:54:17.500 INFO [main] org.apache.coyote.AbstractProtocol.init Initializing ProtocolHandler ["http-nio-8080"]
03-Nov-2018 23:54:17.645 INFO [main] org.apache.tomcat.util.net.NioSelectorPool.getSharedSelector Using a shared selector for servlet write/read
03-Nov-2018 23:54:17.654 INFO [main] org.apache.coyote.AbstractProtocol.init Initializing ProtocolHandler ["ajp-nio-8009"]
03-Nov-2018 23:54:17.657 INFO [main] org.apache.tomcat.util.net.NioSelectorPool.getSharedSelector Using a shared selector for servlet write/read
03-Nov-2018 23:54:17.657 INFO [main] org.apache.catalina.startup.Catalina.load Initialization processed in 592 ms
03-Nov-2018 23:54:17.687 INFO [main] org.apache.catalina.core.StandardService.startInternal Starting service [Catalina]
03-Nov-2018 23:54:17.688 INFO [main] org.apache.catalina.core.StandardEngine.startInternal Starting Servlet Engine: Apache Tomcat/9.0.12
03-Nov-2018 23:54:17.719 INFO [main] org.apache.catalina.startup.HostConfig.deployWAR Deploying web application archive [C:\Users\limyu\Desktop\nus\year 3 sem 1\CS3235\ImageHost\apache-tomcat-9.0.12\webapps\ImageHost.war]
03-Nov-2018 23:54:17.754 INFO [main] org.apache.catalina.startup.ExpandWar.expand An expanded directory [C:\Users\limyu\Desktop\nus\year 3 sem 1\CS3235\ImageHost\apache-tomcat-9.0.12\webapps\ImageHost] was found with a last modified time that did not match the associated WAR. It will be deleted.
03-Nov-2018 23:54:21.791 INFO [main] org.apache.jasper.servlet.TldScanner.scanJars At least one JAR was scanned for TLDs yet contained no TLDs. Enable debug logging for this logger for a complete list of JARs that were scanned but no TLDs were found in them. Skipping unneeded JARs during scanning can improve startup time and JSP compilation time.
03-Nov-2018 23:54:24.329 INFO [main] org.hibernate.Version.logVersion HHH000412: Hibernate Core {5.3.3.Final}
03-Nov-2018 23:54:24.333 INFO [main] org.hibernate.cfg.Environment.<clinit> HHH000206: hibernate.properties not found
03-Nov-2018 23:54:24.553 INFO [main] org.hibernate.annotations.common.reflection.java.JavaReflectionManager.<clinit> HCANN000001: Hibernate Commons Annotations {5.0.4.Final}
03-Nov-2018 23:54:25.095 INFO [main] org.hibernate.dialect.Dialect.<init> HHH000400: Using dialect: org.hibernate.dialect.MySQLDialect
03-Nov-2018 23:54:25.747 INFO [main] org.hibernate.validator.internal.util.Version.<clinit> HV000001: Hibernate Validator 5.2.4.Final
03-Nov-2018 23:54:27.840 INFO [main] org.apache.catalina.startup.HostConfig.deployWAR Deployment of web application archive [C:\Users\limyu\Desktop\nus\year 3 sem 1\CS3235\ImageHost\apache-tomcat-9.0.12\webapps\ImageHost.war] has finished in [10,120] ms
03-Nov-2018 23:54:27.842 INFO [main] org.apache.catalina.startup.HostConfig.deployDirectory Deploying web application directory [C:\Users\limyu\Desktop\nus\year 3 sem 1\CS3235\ImageHost\apache-tomcat-9.0.12\webapps\docs]
03-Nov-2018 23:54:27.874 INFO [main] org.apache.catalina.startup.HostConfig.deployDirectory Deployment of web application directory [C:\Users\limyu\Desktop\nus\year 3 sem 1\CS3235\ImageHost\apache-tomcat-9.0.12\webapps\docs] has finished in [33] ms
03-Nov-2018 23:54:27.875 INFO [main] org.apache.catalina.startup.HostConfig.deployDirectory Deploying web application directory [C:\Users\limyu\Desktop\nus\year 3 sem 1\CS3235\ImageHost\apache-tomcat-9.0.12\webapps\examples]
03-Nov-2018 23:54:28.175 INFO [main] org.apache.catalina.startup.HostConfig.deployDirectory Deployment of web application directory [C:\Users\limyu\Desktop\nus\year 3 sem 1\CS3235\ImageHost\apache-tomcat-9.0.12\webapps\examples] has finished in [300] ms
03-Nov-2018 23:54:28.176 INFO [main] org.apache.catalina.startup.HostConfig.deployDirectory Deploying web application directory [C:\Users\limyu\Desktop\nus\year 3 sem 1\CS3235\ImageHost\apache-tomcat-9.0.12\webapps\host-manager]
03-Nov-2018 23:54:28.217 INFO [main] org.apache.catalina.startup.HostConfig.deployDirectory Deployment of web application directory [C:\Users\limyu\Desktop\nus\year 3 sem 1\CS3235\ImageHost\apache-tomcat-9.0.12\webapps\host-manager] has finished in [41] ms
03-Nov-2018 23:54:28.218 INFO [main] org.apache.catalina.startup.HostConfig.deployDirectory Deploying web application directory [C:\Users\limyu\Desktop\nus\year 3 sem 1\CS3235\ImageHost\apache-tomcat-9.0.12\webapps\manager]
03-Nov-2018 23:54:28.251 INFO [main] org.apache.catalina.startup.HostConfig.deployDirectory Deployment of web application directory [C:\Users\limyu\Desktop\nus\year 3 sem 1\CS3235\ImageHost\apache-tomcat-9.0.12\webapps\manager] has finished in [34] ms
03-Nov-2018 23:54:28.251 INFO [main] org.apache.catalina.startup.HostConfig.deployDirectory Deploying web application directory [C:\Users\limyu\Desktop\nus\year 3 sem 1\CS3235\ImageHost\apache-tomcat-9.0.12\webapps\ROOT]
03-Nov-2018 23:54:28.283 INFO [main] org.apache.catalina.startup.HostConfig.deployDirectory Deployment of web application directory [C:\Users\limyu\Desktop\nus\year 3 sem 1\CS3235\ImageHost\apache-tomcat-9.0.12\webapps\ROOT] has finished in [31] ms
03-Nov-2018 23:54:28.286 INFO [main] org.apache.coyote.AbstractProtocol.start Starting ProtocolHandler ["http-nio-8080"]
03-Nov-2018 23:54:28.299 INFO [main] org.apache.coyote.AbstractProtocol.start Starting ProtocolHandler ["ajp-nio-8009"]
03-Nov-2018 23:54:28.302 INFO [main] org.apache.catalina.startup.Catalina.start Server startup in 10643 ms
03-Nov-2018 23:54:31.786 WARN [http-nio-8080-exec-1] org.hibernate.internal.SessionImpl.createCriteria HHH90000022: Hibernate's legacy org.hibernate.Criteria API is deprecated; use the JPA javax.persistence.criteria.CriteriaQuery instead
03-Nov-2018 23:54:34.084 WARN [http-nio-8080-exec-4] org.hibernate.internal.SessionImpl.createCriteria HHH90000022: Hibernate's legacy org.hibernate.Criteria API is deprecated; use the JPA javax.persistence.criteria.CriteriaQuery instead
03-Nov-2018 23:54:39.270 WARN [http-nio-8080-exec-6] org.hibernate.internal.SessionImpl.createCriteria HHH90000022: Hibernate's legacy org.hibernate.Criteria API is deprecated; use the JPA javax.persistence.criteria.CriteriaQuery instead
03-Nov-2018 23:54:39.950 WARN [http-nio-8080-exec-7] org.hibernate.internal.SessionImpl.createCriteria HHH90000022: Hibernate's legacy org.hibernate.Criteria API is deprecated; use the JPA javax.persistence.criteria.CriteriaQuery instead
03-Nov-2018 23:54:54.052 WARN [http-nio-8080-exec-10] org.hibernate.internal.SessionImpl.createCriteria HHH90000022: Hibernate's legacy org.hibernate.Criteria API is deprecated; use the JPA javax.persistence.criteria.CriteriaQuery instead
